# JRE version: Java(TM) SE Runtime Environment (8.0_60-b27) (build 1.8.0_60-b27)
# Java VM: Java HotSpot(TM) Client VM (25.60-b23 mixed mode windows-x86 )
Heap:
 def new generation   total 51584K, used 39589K [0x04200000, 0x079f0000, 0x24200000)
  eden space 45888K,  73% used [0x04200000, 0x063197a0, 0x06ed0000)
  from space 5696K, 100% used [0x07460000, 0x079f0000, 0x079f0000)
  to   space 5696K,   0% used [0x06ed0000, 0x06ed0000, 0x07460000)
 tenured generation   total 114496K, used 74509K [0x24200000, 0x2b1d0000, 0x64200000)
   the space 114496K,  65% used [0x24200000, 0x28ac3670, 0x28ac3800, 0x2b1d0000)
 Metaspace       used 13448K, capacity 13887K, committed 13952K, reserved 14720K
GC Heap History (10 events):
Event: 9.774 GC heap before
{Heap before GC invocations=131 (full 4):
 def new generation   total 28096K, used 27549K [0x04200000, 0x06070000, 0x24200000)
  eden space 25024K, 100% used [0x04200000, 0x05a70000, 0x05a70000)
  from space 3072K,  82% used [0x05d70000, 0x05fe7598, 0x06070000)
  to   space 3072K,   0% used [0x05a70000, 0x05a70000, 0x05d70000)
 tenured generation   total 62296K, used 37457K [0x24200000, 0x27ed6000, 0x64200000)
   the space 62296K,  60% used [0x24200000, 0x26694660, 0x26694800, 0x27ed6000)
 Metaspace       used 12870K, capacity 13231K, committed 13312K, reserved 13696K
Event: 9.825 GC heap after
Heap after GC invocations=132 (full 4):
 def new generation   total 28096K, used 3072K [0x04200000, 0x06070000, 0x24200000)
  eden space 25024K,   0% used [0x04200000, 0x04200000, 0x05a70000)
  from space 3072K, 100% used [0x05a70000, 0x05d70000, 0x05d70000)
  to   space 3072K,   0% used [0x05d70000, 0x05d70000, 0x06070000)
 tenured generation   total 62296K, used 47815K [0x24200000, 0x27ed6000, 0x64200000)
   the space 62296K,  76% used [0x24200000, 0x270b1c80, 0x270b1e00, 0x27ed6000)
 Metaspace       used 12870K, capacity 13231K, committed 13312K, reserved 13696K
}
Event: 10.159 GC heap before
{Heap before GC invocations=132 (full 4):
 def new generation   total 28096K, used 28096K [0x04200000, 0x06070000, 0x24200000)
  eden space 25024K, 100% used [0x04200000, 0x05a70000, 0x05a70000)
  from space 3072K, 100% used [0x05a70000, 0x05d70000, 0x05d70000)
  to   space 3072K,   0% used [0x05d70000, 0x05d70000, 0x06070000)
 tenured generation   total 62296K, used 47815K [0x24200000, 0x27ed6000, 0x64200000)
   the space 62296K,  76% used [0x24200000, 0x270b1c80, 0x270b1e00, 0x27ed6000)
 Metaspace       used 13059K, capacity 13425K, committed 13568K, reserved 13696K
Event: 10.170 GC heap after
Heap after GC invocations=133 (full 4):
 def new generation   total 28096K, used 806K [0x04200000, 0x06070000, 0x24200000)
  eden space 25024K,   0% used [0x04200000, 0x04200000, 0x05a70000)
  from space 3072K,  26% used [0x05d70000, 0x05e39970, 0x06070000)
  to   space 3072K,   0% used [0x05a70000, 0x05a70000, 0x05d70000)
 tenured generation   total 62296K, used 50886K [0x24200000, 0x27ed6000, 0x64200000)
   the space 62296K,  81% used [0x24200000, 0x273b1950, 0x273b1a00, 0x27ed6000)
 Metaspace       used 13059K, capacity 13425K, committed 13568K, reserved 13696K
}
Event: 11.193 GC heap before
{Heap before GC invocations=133 (full 4):
 def new generation   total 28096K, used 25830K [0x04200000, 0x06070000, 0x24200000)
  eden space 25024K, 100% used [0x04200000, 0x05a70000, 0x05a70000)
  from space 3072K,  26% used [0x05d70000, 0x05e39970, 0x06070000)
  to   space 3072K,   0% used [0x05a70000, 0x05a70000, 0x05d70000)
 tenured generation   total 62296K, used 50886K [0x24200000, 0x27ed6000, 0x64200000)
   the space 62296K,  81% used [0x24200000, 0x273b1950, 0x273b1a00, 0x27ed6000)
 Metaspace       used 13077K, capacity 13457K, committed 13568K, reserved 13696K
Event: 11.225 GC heap after
Heap after GC invocations=134 (full 4):
 def new generation   total 28096K, used 3072K [0x04200000, 0x06070000, 0x24200000)
  eden space 25024K,   0% used [0x04200000, 0x04200000, 0x05a70000)
  from space 3072K, 100% used [0x05a70000, 0x05d70000, 0x05d70000)
  to   space 3072K,   0% used [0x05d70000, 0x05d70000, 0x06070000)
 tenured generation   total 62296K, used 58062K [0x24200000, 0x27ed6000, 0x64200000)
   the space 62296K,  93% used [0x24200000, 0x27ab3b30, 0x27ab3c00, 0x27ed6000)
 Metaspace       used 13077K, capacity 13457K, committed 13568K, reserved 13696K
}
Event: 11.891 GC heap before
{Heap before GC invocations=134 (full 4):
 def new generation   total 28096K, used 28096K [0x04200000, 0x06070000, 0x24200000)
  eden space 25024K, 100% used [0x04200000, 0x05a70000, 0x05a70000)
  from space 3072K, 100% used [0x05a70000, 0x05d70000, 0x05d70000)
  to   space 3072K,   0% used [0x05d70000, 0x05d70000, 0x06070000)
 tenured generation   total 62296K, used 58062K [0x24200000, 0x27ed6000, 0x64200000)
   the space 62296K,  93% used [0x24200000, 0x27ab3b30, 0x27ab3c00, 0x27ed6000)
 Metaspace       used 13121K, capacity 13489K, committed 13568K, reserved 13696K
Event: 12.073 GC heap after
Heap after GC invocations=135 (full 5):
 def new generation   total 51584K, used 3002K [0x04200000, 0x079f0000, 0x24200000)
  eden space 45888K,   6% used [0x04200000, 0x044eeba8, 0x06ed0000)
  from space 5696K,   0% used [0x06ed0000, 0x06ed0000, 0x07460000)
  to   space 5696K,   0% used [0x07460000, 0x07460000, 0x079f0000)
 tenured generation   total 114496K, used 68695K [0x24200000, 0x2b1d0000, 0x64200000)
   the space 114496K,  59% used [0x24200000, 0x28515fd0, 0x28516000, 0x2b1d0000)
 Metaspace       used 13121K, capacity 13489K, committed 13568K, reserved 13696K
}
Event: 13.451 GC heap before
{Heap before GC invocations=135 (full 5):
 def new generation   total 51584K, used 45888K [0x04200000, 0x079f0000, 0x24200000)
  eden space 45888K, 100% used [0x04200000, 0x06ed0000, 0x06ed0000)
  from space 5696K,   0% used [0x06ed0000, 0x06ed0000, 0x07460000)
  to   space 5696K,   0% used [0x07460000, 0x07460000, 0x079f0000)
 tenured generation   total 114496K, used 68695K [0x24200000, 0x2b1d0000, 0x64200000)
   the space 114496K,  59% used [0x24200000, 0x28515fd0, 0x28516000, 0x2b1d0000)
 Metaspace       used 13224K, capacity 13623K, committed 13696K, reserved 13696K
Event: 13.513 GC heap after
Heap after GC invocations=136 (full 5):
 def new generation   total 51584K, used 5696K [0x04200000, 0x079f0000, 0x24200000)
  eden space 45888K,   0% used [0x04200000, 0x04200000, 0x06ed0000)
  from space 5696K, 100% used [0x07460000, 0x079f0000, 0x079f0000)
  to   space 5696K,   0% used [0x06ed0000, 0x06ed0000, 0x07460000)
 tenured generation   total 114496K, used 74509K [0x24200000, 0x2b1d0000, 0x64200000)
   the space 114496K,  65% used [0x24200000, 0x28ac3670, 0x28ac3800, 0x2b1d0000)
 Metaspace       used 13224K, capacity 13623K, committed 13696K, reserved 13696K
}

