# JRE version: Java(TM) SE Runtime Environment (8.0_60-b27) (build 1.8.0_60-b27)
# Java VM: Java HotSpot(TM) Client VM (25.60-b23 mixed mode windows-x86 )
Heap:
 def new generation   total 53184K, used 34332K [0x04e00000, 0x087b0000, 0x24e00000)
  eden space 47296K,  60% used [0x04e00000, 0x069c7270, 0x07c30000)
  from space 5888K, 100% used [0x081f0000, 0x087b0000, 0x087b0000)
  to   space 5888K,   0% used [0x07c30000, 0x07c30000, 0x081f0000)
 tenured generation   total 118048K, used 77170K [0x24e00000, 0x2c148000, 0x64e00000)
   the space 118048K,  65% used [0x24e00000, 0x2995cb98, 0x2995cc00, 0x2c148000)
 Metaspace       used 13444K, capacity 13887K, committed 13952K, reserved 14720K
GC Heap History (10 events):
Event: 120.475 GC heap before
{Heap before GC invocations=136 (full 4):
 def new generation   total 28224K, used 28224K [0x04e00000, 0x06c90000, 0x24e00000)
  eden space 25152K, 100% used [0x04e00000, 0x06690000, 0x06690000)
  from space 3072K, 100% used [0x06990000, 0x06c90000, 0x06c90000)
  to   space 3072K,   0% used [0x06690000, 0x06690000, 0x06990000)
 tenured generation   total 62508K, used 37973K [0x24e00000, 0x28b0b000, 0x64e00000)
   the space 62508K,  60% used [0x24e00000, 0x273156b8, 0x27315800, 0x28b0b000)
 Metaspace       used 13060K, capacity 13430K, committed 13440K, reserved 13696K
Event: 120.533 GC heap after
Heap after GC invocations=137 (full 4):
 def new generation   total 28224K, used 3072K [0x04e00000, 0x06c90000, 0x24e00000)
  eden space 25152K,   0% used [0x04e00000, 0x04e00000, 0x06690000)
  from space 3072K, 100% used [0x06690000, 0x06990000, 0x06990000)
  to   space 3072K,   0% used [0x06990000, 0x06990000, 0x06c90000)
 tenured generation   total 62508K, used 48359K [0x24e00000, 0x28b0b000, 0x64e00000)
   the space 62508K,  77% used [0x24e00000, 0x27d39cf8, 0x27d39e00, 0x28b0b000)
 Metaspace       used 13060K, capacity 13430K, committed 13440K, reserved 13696K
}
Event: 120.695 GC heap before
{Heap before GC invocations=137 (full 4):
 def new generation   total 28224K, used 28224K [0x04e00000, 0x06c90000, 0x24e00000)
  eden space 25152K, 100% used [0x04e00000, 0x06690000, 0x06690000)
  from space 3072K, 100% used [0x06690000, 0x06990000, 0x06990000)
  to   space 3072K,   0% used [0x06990000, 0x06990000, 0x06c90000)
 tenured generation   total 62508K, used 48359K [0x24e00000, 0x28b0b000, 0x64e00000)
   the space 62508K,  77% used [0x24e00000, 0x27d39cf8, 0x27d39e00, 0x28b0b000)
 Metaspace       used 13063K, capacity 13430K, committed 13440K, reserved 13696K
Event: 120.705 GC heap after
Heap after GC invocations=138 (full 4):
 def new generation   total 28224K, used 3K [0x04e00000, 0x06c90000, 0x24e00000)
  eden space 25152K,   0% used [0x04e00000, 0x04e00000, 0x06690000)
  from space 3072K,   0% used [0x06990000, 0x06990ce0, 0x06c90000)
  to   space 3072K,   0% used [0x06690000, 0x06690000, 0x06990000)
 tenured generation   total 62508K, used 51429K [0x24e00000, 0x28b0b000, 0x64e00000)
   the space 62508K,  82% used [0x24e00000, 0x280397e0, 0x28039800, 0x28b0b000)
 Metaspace       used 13063K, capacity 13430K, committed 13440K, reserved 13696K
}
Event: 121.773 GC heap before
{Heap before GC invocations=138 (full 4):
 def new generation   total 28224K, used 25155K [0x04e00000, 0x06c90000, 0x24e00000)
  eden space 25152K, 100% used [0x04e00000, 0x06690000, 0x06690000)
  from space 3072K,   0% used [0x06990000, 0x06990ce0, 0x06c90000)
  to   space 3072K,   0% used [0x06690000, 0x06690000, 0x06990000)
 tenured generation   total 62508K, used 51429K [0x24e00000, 0x28b0b000, 0x64e00000)
   the space 62508K,  82% used [0x24e00000, 0x280397e0, 0x28039800, 0x28b0b000)
 Metaspace       used 13080K, capacity 13462K, committed 13568K, reserved 13696K
Event: 121.808 GC heap after
Heap after GC invocations=139 (full 4):
 def new generation   total 28224K, used 3072K [0x04e00000, 0x06c90000, 0x24e00000)
  eden space 25152K,   0% used [0x04e00000, 0x04e00000, 0x06690000)
  from space 3072K, 100% used [0x06690000, 0x06990000, 0x06990000)
  to   space 3072K,   0% used [0x06990000, 0x06990000, 0x06c90000)
 tenured generation   total 62508K, used 59955K [0x24e00000, 0x28b0b000, 0x64e00000)
   the space 62508K,  95% used [0x24e00000, 0x2888cd08, 0x2888ce00, 0x28b0b000)
 Metaspace       used 13080K, capacity 13462K, committed 13568K, reserved 13696K
}
Event: 122.805 GC heap before
{Heap before GC invocations=139 (full 4):
 def new generation   total 28224K, used 28224K [0x04e00000, 0x06c90000, 0x24e00000)
  eden space 25152K, 100% used [0x04e00000, 0x06690000, 0x06690000)
  from space 3072K, 100% used [0x06690000, 0x06990000, 0x06990000)
  to   space 3072K,   0% used [0x06990000, 0x06990000, 0x06c90000)
 tenured generation   total 62508K, used 59955K [0x24e00000, 0x28b0b000, 0x64e00000)
   the space 62508K,  95% used [0x24e00000, 0x2888cd08, 0x2888ce00, 0x28b0b000)
 Metaspace       used 13124K, capacity 13494K, committed 13568K, reserved 13696K
Event: 123.002 GC heap after
Heap after GC invocations=140 (full 5):
 def new generation   total 53184K, used 3042K [0x04e00000, 0x087b0000, 0x24e00000)
  eden space 47296K,   6% used [0x04e00000, 0x050f8b70, 0x07c30000)
  from space 5888K,   0% used [0x07c30000, 0x07c30000, 0x081f0000)
  to   space 5888K,   0% used [0x081f0000, 0x081f0000, 0x087b0000)
 tenured generation   total 118048K, used 70827K [0x24e00000, 0x2c148000, 0x64e00000)
   the space 118048K,  59% used [0x24e00000, 0x2932afc8, 0x2932b000, 0x2c148000)
 Metaspace       used 13124K, capacity 13494K, committed 13568K, reserved 13696K
}
Event: 124.100 GC heap before
{Heap before GC invocations=140 (full 5):
 def new generation   total 53184K, used 47296K [0x04e00000, 0x087b0000, 0x24e00000)
  eden space 47296K, 100% used [0x04e00000, 0x07c30000, 0x07c30000)
  from space 5888K,   0% used [0x07c30000, 0x07c30000, 0x081f0000)
  to   space 5888K,   0% used [0x081f0000, 0x081f0000, 0x087b0000)
 tenured generation   total 118048K, used 70827K [0x24e00000, 0x2c148000, 0x64e00000)
   the space 118048K,  59% used [0x24e00000, 0x2932afc8, 0x2932b000, 0x2c148000)
 Metaspace       used 13387K, capacity 13818K, committed 13824K, reserved 14720K
Event: 124.158 GC heap after
Heap after GC invocations=141 (full 5):
 def new generation   total 53184K, used 5888K [0x04e00000, 0x087b0000, 0x24e00000)
  eden space 47296K,   0% used [0x04e00000, 0x04e00000, 0x07c30000)
  from space 5888K, 100% used [0x081f0000, 0x087b0000, 0x087b0000)
  to   space 5888K,   0% used [0x07c30000, 0x07c30000, 0x081f0000)
 tenured generation   total 118048K, used 77170K [0x24e00000, 0x2c148000, 0x64e00000)
   the space 118048K,  65% used [0x24e00000, 0x2995cb98, 0x2995cc00, 0x2c148000)
 Metaspace       used 13387K, capacity 13818K, committed 13824K, reserved 14720K
}

