# JRE version: Java(TM) SE Runtime Environment (8.0_60-b27) (build 1.8.0_60-b27)
# Java VM: Java HotSpot(TM) Client VM (25.60-b23 mixed mode windows-x86 )
Heap:
 def new generation   total 50816K, used 50816K [0x04400000, 0x07b20000, 0x24400000)
  eden space 45184K, 100% used [0x04400000, 0x07020000, 0x07020000)
  from space 5632K, 100% used [0x075a0000, 0x07b20000, 0x07b20000)
  to   space 5632K,   0% used [0x07020000, 0x07020000, 0x075a0000)
 tenured generation   total 475068K, used 475047K [0x24400000, 0x413ef000, 0x64400000)
   the space 475068K,  99% used [0x24400000, 0x413e9d50, 0x413e9e00, 0x413ef000)
 Metaspace       used 13593K, capacity 14043K, committed 14080K, reserved 14720K
GC Heap History (10 events):
Event: 18.771 GC heap before
{Heap before GC invocations=222 (full 6):
 def new generation   total 28224K, used 26592K [0x04400000, 0x06290000, 0x24400000)
  eden space 25152K, 100% used [0x04400000, 0x05c90000, 0x05c90000)
  from space 3072K,  46% used [0x05f90000, 0x060f8360, 0x06290000)
  to   space 3072K,   0% used [0x05c90000, 0x05c90000, 0x05f90000)
 tenured generation   total 62468K, used 38138K [0x24400000, 0x28101000, 0x64400000)
   the space 62468K,  61% used [0x24400000, 0x2693eba0, 0x2693ec00, 0x28101000)
 Metaspace       used 12939K, capacity 13312K, committed 13440K, reserved 13696K
Event: 18.821 GC heap after
Heap after GC invocations=223 (full 6):
 def new generation   total 28224K, used 3072K [0x04400000, 0x06290000, 0x24400000)
  eden space 25152K,   0% used [0x04400000, 0x04400000, 0x05c90000)
  from space 3072K, 100% used [0x05c90000, 0x05f90000, 0x05f90000)
  to   space 3072K,   0% used [0x05f90000, 0x05f90000, 0x06290000)
 tenured generation   total 62468K, used 47465K [0x24400000, 0x28101000, 0x64400000)
   the space 62468K,  75% used [0x24400000, 0x2725a6f8, 0x2725a800, 0x28101000)
 Metaspace       used 12939K, capacity 13312K, committed 13440K, reserved 13696K
}
Event: 19.150 GC heap before
{Heap before GC invocations=223 (full 6):
 def new generation   total 28224K, used 28224K [0x04400000, 0x06290000, 0x24400000)
  eden space 25152K, 100% used [0x04400000, 0x05c90000, 0x05c90000)
  from space 3072K, 100% used [0x05c90000, 0x05f90000, 0x05f90000)
  to   space 3072K,   0% used [0x05f90000, 0x05f90000, 0x06290000)
 tenured generation   total 62468K, used 47465K [0x24400000, 0x28101000, 0x64400000)
   the space 62468K,  75% used [0x24400000, 0x2725a6f8, 0x2725a800, 0x28101000)
 Metaspace       used 13112K, capacity 13475K, committed 13568K, reserved 13696K
Event: 19.170 GC heap after
Heap after GC invocations=224 (full 6):
 def new generation   total 28224K, used 1797K [0x04400000, 0x06290000, 0x24400000)
  eden space 25152K,   0% used [0x04400000, 0x04400000, 0x05c90000)
  from space 3072K,  58% used [0x05f90000, 0x06151758, 0x06290000)
  to   space 3072K,   0% used [0x05c90000, 0x05c90000, 0x05f90000)
 tenured generation   total 62468K, used 50517K [0x24400000, 0x28101000, 0x64400000)
   the space 62468K,  80% used [0x24400000, 0x275556c8, 0x27555800, 0x28101000)
 Metaspace       used 13112K, capacity 13475K, committed 13568K, reserved 13696K
}
Event: 20.223 GC heap before
{Heap before GC invocations=224 (full 6):
 def new generation   total 28224K, used 26949K [0x04400000, 0x06290000, 0x24400000)
  eden space 25152K, 100% used [0x04400000, 0x05c90000, 0x05c90000)
  from space 3072K,  58% used [0x05f90000, 0x06151758, 0x06290000)
  to   space 3072K,   0% used [0x05c90000, 0x05c90000, 0x05f90000)
 tenured generation   total 62468K, used 50517K [0x24400000, 0x28101000, 0x64400000)
   the space 62468K,  80% used [0x24400000, 0x275556c8, 0x27555800, 0x28101000)
 Metaspace       used 13130K, capacity 13507K, committed 13568K, reserved 13696K
Event: 20.249 GC heap after
Heap after GC invocations=225 (full 6):
 def new generation   total 28224K, used 3072K [0x04400000, 0x06290000, 0x24400000)
  eden space 25152K,   0% used [0x04400000, 0x04400000, 0x05c90000)
  from space 3072K, 100% used [0x05c90000, 0x05f90000, 0x05f90000)
  to   space 3072K,   0% used [0x05f90000, 0x05f90000, 0x06290000)
 tenured generation   total 62468K, used 57145K [0x24400000, 0x28101000, 0x64400000)
   the space 62468K,  91% used [0x24400000, 0x27bce718, 0x27bce800, 0x28101000)
 Metaspace       used 13130K, capacity 13507K, committed 13568K, reserved 13696K
}
Event: 20.791 GC heap before
{Heap before GC invocations=225 (full 6):
 def new generation   total 28224K, used 28224K [0x04400000, 0x06290000, 0x24400000)
  eden space 25152K, 100% used [0x04400000, 0x05c90000, 0x05c90000)
  from space 3072K, 100% used [0x05c90000, 0x05f90000, 0x05f90000)
  to   space 3072K,   0% used [0x05f90000, 0x05f90000, 0x06290000)
 tenured generation   total 62468K, used 57145K [0x24400000, 0x28101000, 0x64400000)
   the space 62468K,  91% used [0x24400000, 0x27bce718, 0x27bce800, 0x28101000)
 Metaspace       used 13143K, capacity 13507K, committed 13568K, reserved 13696K
Event: 20.970 GC heap after
Heap after GC invocations=226 (full 7):
 def new generation   total 50816K, used 3064K [0x04400000, 0x07b20000, 0x24400000)
  eden space 45184K,   6% used [0x04400000, 0x046fe1f8, 0x07020000)
  from space 5632K,   0% used [0x07020000, 0x07020000, 0x075a0000)
  to   space 5632K,   0% used [0x075a0000, 0x075a0000, 0x07b20000)
 tenured generation   total 112860K, used 67715K [0x24400000, 0x2b237000, 0x64400000)
   the space 112860K,  59% used [0x24400000, 0x28620fe0, 0x28621000, 0x2b237000)
 Metaspace       used 13143K, capacity 13507K, committed 13568K, reserved 13696K
}
Event: 22.358 GC heap before
{Heap before GC invocations=226 (full 7):
 def new generation   total 50816K, used 45184K [0x04400000, 0x07b20000, 0x24400000)
  eden space 45184K, 100% used [0x04400000, 0x07020000, 0x07020000)
  from space 5632K,   0% used [0x07020000, 0x07020000, 0x075a0000)
  to   space 5632K,   0% used [0x075a0000, 0x075a0000, 0x07b20000)
 tenured generation   total 112860K, used 67715K [0x24400000, 0x2b237000, 0x64400000)
   the space 112860K,  59% used [0x24400000, 0x28620fe0, 0x28621000, 0x2b237000)
 Metaspace       used 13256K, capacity 13673K, committed 13696K, reserved 13696K
Event: 22.407 GC heap after
Heap after GC invocations=227 (full 7):
 def new generation   total 50816K, used 5632K [0x04400000, 0x07b20000, 0x24400000)
  eden space 45184K,   0% used [0x04400000, 0x04400000, 0x07020000)
  from space 5632K, 100% used [0x075a0000, 0x07b20000, 0x07b20000)
  to   space 5632K,   0% used [0x07020000, 0x07020000, 0x075a0000)
 tenured generation   total 112860K, used 71848K [0x24400000, 0x2b237000, 0x64400000)
   the space 112860K,  63% used [0x24400000, 0x28a2a008, 0x28a2a200, 0x2b237000)
 Metaspace       used 13256K, capacity 13673K, committed 13696K, reserved 13696K
}

