# JRE version: Java(TM) SE Runtime Environment (8.0_60-b27) (build 1.8.0_60-b27)
# Java VM: Java HotSpot(TM) Client VM (25.60-b23 mixed mode windows-x86 )
Heap:
 def new generation   total 51648K, used 51648K [0x04000000, 0x07800000, 0x24000000)
  eden space 45952K, 100% used [0x04000000, 0x06ce0000, 0x06ce0000)
  from space 5696K, 100% used [0x07270000, 0x07800000, 0x07800000)
  to   space 5696K,   0% used [0x06ce0000, 0x06ce0000, 0x07270000)
 tenured generation   total 545960K, used 545935K [0x24000000, 0x4552a000, 0x64000000)
   the space 545960K,  99% used [0x24000000, 0x455240c0, 0x45524200, 0x4552a000)
 Metaspace       used 13592K, capacity 14038K, committed 14080K, reserved 14720K
GC Heap History (10 events):
Event: 10.411 GC heap before
{Heap before GC invocations=154 (full 4):
 def new generation   total 29632K, used 29632K [0x04000000, 0x06020000, 0x24000000)
  eden space 26368K, 100% used [0x04000000, 0x059c0000, 0x059c0000)
  from space 3264K, 100% used [0x05cf0000, 0x06020000, 0x06020000)
  to   space 3264K,   0% used [0x059c0000, 0x059c0000, 0x05cf0000)
 tenured generation   total 65700K, used 40613K [0x24000000, 0x28029000, 0x64000000)
   the space 65700K,  61% used [0x24000000, 0x267a9518, 0x267a9600, 0x28029000)
 Metaspace       used 12925K, capacity 13263K, committed 13312K, reserved 13696K
Event: 10.445 GC heap after
Heap after GC invocations=155 (full 4):
 def new generation   total 29632K, used 3264K [0x04000000, 0x06020000, 0x24000000)
  eden space 26368K,   0% used [0x04000000, 0x04000000, 0x059c0000)
  from space 3264K, 100% used [0x059c0000, 0x05cf0000, 0x05cf0000)
  to   space 3264K,   0% used [0x05cf0000, 0x05cf0000, 0x06020000)
 tenured generation   total 65700K, used 47011K [0x24000000, 0x28029000, 0x64000000)
   the space 65700K,  71% used [0x24000000, 0x26de8f38, 0x26de9000, 0x28029000)
 Metaspace       used 12925K, capacity 13263K, committed 13312K, reserved 13696K
}
Event: 10.780 GC heap before
{Heap before GC invocations=155 (full 4):
 def new generation   total 29632K, used 29632K [0x04000000, 0x06020000, 0x24000000)
  eden space 26368K, 100% used [0x04000000, 0x059c0000, 0x059c0000)
  from space 3264K, 100% used [0x059c0000, 0x05cf0000, 0x05cf0000)
  to   space 3264K,   0% used [0x05cf0000, 0x05cf0000, 0x06020000)
 tenured generation   total 65700K, used 47011K [0x24000000, 0x28029000, 0x64000000)
   the space 65700K,  71% used [0x24000000, 0x26de8f38, 0x26de9000, 0x28029000)
 Metaspace       used 13097K, capacity 13457K, committed 13568K, reserved 13696K
Event: 10.808 GC heap after
Heap after GC invocations=156 (full 4):
 def new generation   total 29632K, used 3264K [0x04000000, 0x06020000, 0x24000000)
  eden space 26368K,   0% used [0x04000000, 0x04000000, 0x059c0000)
  from space 3264K, 100% used [0x05cf0000, 0x06020000, 0x06020000)
  to   space 3264K,   0% used [0x059c0000, 0x059c0000, 0x05cf0000)
 tenured generation   total 65700K, used 52553K [0x24000000, 0x28029000, 0x64000000)
   the space 65700K,  79% used [0x24000000, 0x273525e0, 0x27352600, 0x28029000)
 Metaspace       used 13097K, capacity 13457K, committed 13568K, reserved 13696K
}
Event: 11.834 GC heap before
{Heap before GC invocations=156 (full 4):
 def new generation   total 29632K, used 29632K [0x04000000, 0x06020000, 0x24000000)
  eden space 26368K, 100% used [0x04000000, 0x059c0000, 0x059c0000)
  from space 3264K, 100% used [0x05cf0000, 0x06020000, 0x06020000)
  to   space 3264K,   0% used [0x059c0000, 0x059c0000, 0x05cf0000)
 tenured generation   total 65700K, used 52553K [0x24000000, 0x28029000, 0x64000000)
   the space 65700K,  79% used [0x24000000, 0x273525e0, 0x27352600, 0x28029000)
 Metaspace       used 13115K, capacity 13489K, committed 13568K, reserved 13696K
Event: 11.854 GC heap after
Heap after GC invocations=157 (full 4):
 def new generation   total 29632K, used 3264K [0x04000000, 0x06020000, 0x24000000)
  eden space 26368K,   0% used [0x04000000, 0x04000000, 0x059c0000)
  from space 3264K, 100% used [0x059c0000, 0x05cf0000, 0x05cf0000)
  to   space 3264K,   0% used [0x05cf0000, 0x05cf0000, 0x06020000)
 tenured generation   total 65700K, used 57328K [0x24000000, 0x28029000, 0x64000000)
   the space 65700K,  87% used [0x24000000, 0x277fc2c0, 0x277fc400, 0x28029000)
 Metaspace       used 13115K, capacity 13489K, committed 13568K, reserved 13696K
}
Event: 12.300 GC heap before
{Heap before GC invocations=157 (full 4):
 def new generation   total 29632K, used 29632K [0x04000000, 0x06020000, 0x24000000)
  eden space 26368K, 100% used [0x04000000, 0x059c0000, 0x059c0000)
  from space 3264K, 100% used [0x059c0000, 0x05cf0000, 0x05cf0000)
  to   space 3264K,   0% used [0x05cf0000, 0x05cf0000, 0x06020000)
 tenured generation   total 65700K, used 57328K [0x24000000, 0x28029000, 0x64000000)
   the space 65700K,  87% used [0x24000000, 0x277fc2c0, 0x277fc400, 0x28029000)
 Metaspace       used 13129K, capacity 13489K, committed 13568K, reserved 13696K
Event: 12.492 GC heap after
Heap after GC invocations=158 (full 5):
 def new generation   total 51648K, used 3187K [0x04000000, 0x07800000, 0x24000000)
  eden space 45952K,   6% used [0x04000000, 0x0431cf10, 0x06ce0000)
  from space 5696K,   0% used [0x06ce0000, 0x06ce0000, 0x07270000)
  to   space 5696K,   0% used [0x07270000, 0x07270000, 0x07800000)
 tenured generation   total 114612K, used 68765K [0x24000000, 0x2afed000, 0x64000000)
   the space 114612K,  59% used [0x24000000, 0x283276c0, 0x28327800, 0x2afed000)
 Metaspace       used 13129K, capacity 13489K, committed 13568K, reserved 13696K
}
Event: 13.728 GC heap before
{Heap before GC invocations=158 (full 5):
 def new generation   total 51648K, used 45952K [0x04000000, 0x07800000, 0x24000000)
  eden space 45952K, 100% used [0x04000000, 0x06ce0000, 0x06ce0000)
  from space 5696K,   0% used [0x06ce0000, 0x06ce0000, 0x07270000)
  to   space 5696K,   0% used [0x07270000, 0x07270000, 0x07800000)
 tenured generation   total 114612K, used 68765K [0x24000000, 0x2afed000, 0x64000000)
   the space 114612K,  59% used [0x24000000, 0x283276c0, 0x28327800, 0x2afed000)
 Metaspace       used 13253K, capacity 13668K, committed 13696K, reserved 13696K
Event: 13.784 GC heap after
Heap after GC invocations=159 (full 5):
 def new generation   total 51648K, used 5696K [0x04000000, 0x07800000, 0x24000000)
  eden space 45952K,   0% used [0x04000000, 0x04000000, 0x06ce0000)
  from space 5696K, 100% used [0x07270000, 0x07800000, 0x07800000)
  to   space 5696K,   0% used [0x06ce0000, 0x06ce0000, 0x07270000)
 tenured generation   total 114612K, used 74871K [0x24000000, 0x2afed000, 0x64000000)
   the space 114612K,  65% used [0x24000000, 0x2891dea8, 0x2891e000, 0x2afed000)
 Metaspace       used 13253K, capacity 13668K, committed 13696K, reserved 13696K
}

